<?xml version="1.0" encoding="UTF-8"?>
<!-- Generated by org.testng.reporters.JUnitReportReporter -->
<testsuite hostname="Fadnis_fam" failures="0" tests="1" name="com.comcast.crm.contactTest.CreateContactTest" time="24.440" errors="0" timestamp="2025-01-28T16:46:12 IST" skipped="0">
  <testcase classname="com.comcast.crm.contactTest.CreateContactTest" name="CreateContact" time="24.440">
    <system-out>
      <![CDATA[start-->test
end-->test]]>
    </system-out>
  </testcase> <!-- CreateContact -->
  <system-out>
    <![CDATA[start-->suite
start-->test
end-->test]]>
  </system-out>
</testsuite> <!-- com.comcast.crm.contactTest.CreateContactTest -->
