<?xml version="1.0" encoding="UTF-8"?>
<!-- Generated by org.testng.reporters.JUnitReportReporter -->
<testsuite hostname="Fadnis_fam" failures="0" tests="5" name="practice.testNG.DemoTest" time="0.015" errors="0" timestamp="2025-01-20T19:56:48 IST" skipped="0">
  <testcase classname="practice.testNG.DemoTest" name="genericDataExcel" time="0.003"/>
  <testcase classname="practice.testNG.DemoTest" name="genericDataExcel" time="0.007"/>
  <testcase classname="practice.testNG.DemoTest" name="genericDataExcel" time="0.000"/>
  <testcase classname="practice.testNG.DemoTest" name="genericDataExcel" time="0.004"/>
  <testcase classname="practice.testNG.DemoTest" name="genericDataExcel" time="0.001"/>
</testsuite> <!-- practice.testNG.DemoTest -->
