<?xml version="1.0" encoding="UTF-8"?>
<!-- Generated by org.testng.reporters.JUnitReportReporter -->
<testsuite hostname="Fadnis_fam" failures="0" tests="2" name="practice.testNG.DemoBatch" time="0.012" errors="0" timestamp="2025-01-22T16:18:05 IST" skipped="0">
  <testcase classname="practice.testNG.DemoBatch" name="aaa" time="0.011"/>
  <testcase classname="practice.testNG.DemoBatch" name="aba" time="0.001"/>
</testsuite> <!-- practice.testNG.DemoBatch -->
