<?xml version="1.0" encoding="UTF-8"?>
<!-- Generated by org.testng.reporters.JUnitReportReporter -->
<testsuite hostname="Fadnis_fam" failures="0" tests="1" name="practice.testNG.DemoListenTest" time="2.825" errors="0" timestamp="2025-01-27T09:10:27 IST" skipped="0">
  <testcase classname="practice.testNG.DemoListenTest" name="example" time="2.825"/>
</testsuite> <!-- practice.testNG.DemoListenTest -->
