<?xml version="1.0" encoding="UTF-8"?>
<!-- Generated by org.testng.reporters.JUnitReportReporter -->
<testsuite hostname="Fadnis_fam" failures="0" tests="1" name="com.comcast.crm.productTest.CreateProductTest" time="6.055" errors="0" timestamp="2025-01-29T19:34:43 IST" skipped="0">
  <testcase classname="com.comcast.crm.productTest.CreateProductTest" name="CreateProduct" time="6.055">
    <system-out>
      <![CDATA[start-->test
end-->test]]>
    </system-out>
  </testcase> <!-- CreateProduct -->
  <system-out>
    <![CDATA[start-->suite
start-->test
end-->test]]>
  </system-out>
</testsuite> <!-- com.comcast.crm.productTest.CreateProductTest -->
