<?xml version="1.0" encoding="UTF-8"?>
<!-- Generated by org.testng.reporters.JUnitReportReporter -->
<testsuite hostname="Fadnis_fam" failures="0" tests="1" name="com.comcast.crm.orgTest.CreateOrg" time="5.948" errors="0" timestamp="2025-01-21T14:41:00 IST" skipped="0">
  <testcase classname="com.comcast.crm.orgTest.CreateOrg" name="CreateOrgPhone" time="5.948"/>
</testsuite> <!-- com.comcast.crm.orgTest.CreateOrg -->
