<?xml version="1.0" encoding="UTF-8"?>
<!-- Generated by org.testng.reporters.JUnitReportReporter -->
<testsuite hostname="Fadnis_fam" failures="0" tests="3" name="practice.testNG.DemoDataProviderExecuteTest" time="0.022" errors="0" timestamp="2025-01-20T19:31:30 IST" skipped="0">
  <testcase classname="practice.testNG.DemoDataProviderExecuteTest" name="demoExecute" time="0.001"/>
  <testcase classname="practice.testNG.DemoDataProviderExecuteTest" name="demoExecute" time="0.001"/>
  <testcase classname="practice.testNG.DemoDataProviderExecuteTest" name="demoExecute" time="0.020"/>
</testsuite> <!-- practice.testNG.DemoDataProviderExecuteTest -->
