<?xml version="1.0" encoding="UTF-8"?>
<!-- Generated by org.testng.reporters.JUnitReportReporter -->
<testsuite hostname="Fadnis_fam" failures="0" tests="1" name="practice.testNG.TestXmlProperty" time="3.776" errors="0" timestamp="2025-01-24T15:52:42 IST" skipped="0">
  <testcase classname="practice.testNG.TestXmlProperty" name="testxml" time="3.776"/>
</testsuite> <!-- practice.testNG.TestXmlProperty -->
