<?xml version="1.0" encoding="UTF-8"?>
<!-- Generated by org.testng.reporters.JUnitReportReporter -->
<testsuite hostname="Fadnis_fam" failures="0" tests="1" name="practice.testNG.AdvanceReport" time="0.464" errors="0" timestamp="2025-01-25T12:42:55 IST" skipped="0">
  <testcase classname="practice.testNG.AdvanceReport" name="ex" time="0.464"/>
</testsuite> <!-- practice.testNG.AdvanceReport -->
