<?xml version="1.0" encoding="UTF-8"?>
<!-- Generated by org.testng.reporters.JUnitReportReporter -->
<testsuite hostname="Fadnis_fam" failures="0" tests="1" name="practice.testNG.DemoRetry" time="0.014" errors="0" timestamp="2025-01-23T21:00:32 IST" skipped="0">
  <testcase classname="practice.testNG.DemoRetry" name="activate" time="0.014"/>
</testsuite> <!-- practice.testNG.DemoRetry -->
