<?xml version="1.0" encoding="UTF-8"?>
<!-- Generated by org.testng.reporters.JUnitReportReporter -->
<testsuite hostname="Fadnis_fam" failures="0" tests="1" name="mock.ShopperStack" time="20.659" errors="0" timestamp="2025-01-27T14:05:26 IST" skipped="0">
  <testcase classname="mock.ShopperStack" name="ex1" time="20.659"/>
</testsuite> <!-- mock.ShopperStack -->
